# JRE version: OpenJDK Runtime Environment (8.0_163-b01) (build 1.8.0_163-b01)
# Java VM: OpenJDK 64-Bit Server VM (25.163-b01 mixed mode linux-amd64 compressed oops)
Heap:
 PSYoungGen      total 234496K, used 213137K [0x00000000f0000000, 0x0000000100000000, 0x0000000100000000)
  eden space 210944K, 90% used [0x00000000f0000000,0x00000000fb983078,0x00000000fce00000)
  from space 23552K, 98% used [0x00000000fce00000,0x00000000fe4a1498,0x00000000fe500000)
  to   space 27648K, 0% used [0x00000000fe500000,0x00000000fe500000,0x0000000100000000)
 ParOldGen       total 524288K, used 79804K [0x00000000d0000000, 0x00000000f0000000, 0x00000000f0000000)
  object space 524288K, 15% used [0x00000000d0000000,0x00000000d4def3c8,0x00000000f0000000)
 Metaspace       used 68324K, capacity 71698K, committed 71936K, reserved 1112064K
  class space    used 8764K, capacity 9871K, committed 9984K, reserved 1048576K
GC Heap History (10 events):
Event: 13,449 GC heap before
{Heap before GC invocations=24 (full 3):
 PSYoungGen      total 239616K, used 224627K [0x00000000f0000000, 0x0000000100000000, 0x0000000100000000)
  eden space 216576K, 100% used [0x00000000f0000000,0x00000000fd380000,0x00000000fd380000)
  from space 23040K, 34% used [0x00000000fe980000,0x00000000ff15cf40,0x0000000100000000)
  to   space 22528K, 0% used [0x00000000fd380000,0x00000000fd380000,0x00000000fe980000)
 ParOldGen       total 524288K, used 79764K [0x00000000d0000000, 0x00000000f0000000, 0x00000000f0000000)
  object space 524288K, 15% used [0x00000000d0000000,0x00000000d4de53c8,0x00000000f0000000)
 Metaspace       used 62910K, capacity 64422K, committed 64512K, reserved 1105920K
  class space    used 7870K, capacity 8371K, committed 8448K, reserved 1048576K
Event: 13,457 GC heap after
Heap after GC invocations=24 (full 3):
 PSYoungGen      total 239104K, used 12505K [0x00000000f0000000, 0x0000000100000000, 0x0000000100000000)
  eden space 216576K, 0% used [0x00000000f0000000,0x00000000f0000000,0x00000000fd380000)
  from space 22528K, 55% used [0x00000000fd380000,0x00000000fdfb6408,0x00000000fe980000)
  to   space 22016K, 0% used [0x00000000fea80000,0x00000000fea80000,0x0000000100000000)
 ParOldGen       total 524288K, used 79772K [0x00000000d0000000, 0x00000000f0000000, 0x00000000f0000000)
  object space 524288K, 15% used [0x00000000d0000000,0x00000000d4de73c8,0x00000000f0000000)
 Metaspace       used 62910K, capacity 64422K, committed 64512K, reserved 1105920K
  class space    used 7870K, capacity 8371K, committed 8448K, reserved 1048576K
}
Event: 25,637 GC heap before
{Heap before GC invocations=25 (full 3):
 PSYoungGen      total 239104K, used 229081K [0x00000000f0000000, 0x0000000100000000, 0x0000000100000000)
  eden space 216576K, 100% used [0x00000000f0000000,0x00000000fd380000,0x00000000fd380000)
  from space 22528K, 55% used [0x00000000fd380000,0x00000000fdfb6408,0x00000000fe980000)
  to   space 22016K, 0% used [0x00000000fea80000,0x00000000fea80000,0x0000000100000000)
 ParOldGen       total 524288K, used 79772K [0x00000000d0000000, 0x00000000f0000000, 0x00000000f0000000)
  object space 524288K, 15% used [0x00000000d0000000,0x00000000d4de73c8,0x00000000f0000000)
 Metaspace       used 63765K, capacity 65810K, committed 66048K, reserved 1105920K
  class space    used 8066K, capacity 8835K, committed 8960K, reserved 1048576K
Event: 25,644 GC heap after
Heap after GC invocations=25 (full 3):
 PSYoungGen      total 239104K, used 14661K [0x00000000f0000000, 0x0000000100000000, 0x0000000100000000)
  eden space 217088K, 0% used [0x00000000f0000000,0x00000000f0000000,0x00000000fd400000)
  from space 22016K, 66% used [0x00000000fea80000,0x00000000ff8d14b8,0x0000000100000000)
  to   space 22528K, 0% used [0x00000000fd400000,0x00000000fd400000,0x00000000fea00000)
 ParOldGen       total 524288K, used 79780K [0x00000000d0000000, 0x00000000f0000000, 0x00000000f0000000)
  object space 524288K, 15% used [0x00000000d0000000,0x00000000d4de93c8,0x00000000f0000000)
 Metaspace       used 63765K, capacity 65810K, committed 66048K, reserved 1105920K
  class space    used 8066K, capacity 8835K, committed 8960K, reserved 1048576K
}
Event: 28,912 GC heap before
{Heap before GC invocations=26 (full 3):
 PSYoungGen      total 239104K, used 231749K [0x00000000f0000000, 0x0000000100000000, 0x0000000100000000)
  eden space 217088K, 100% used [0x00000000f0000000,0x00000000fd400000,0x00000000fd400000)
  from space 22016K, 66% used [0x00000000fea80000,0x00000000ff8d14b8,0x0000000100000000)
  to   space 22528K, 0% used [0x00000000fd400000,0x00000000fd400000,0x00000000fea00000)
 ParOldGen       total 524288K, used 79780K [0x00000000d0000000, 0x00000000f0000000, 0x00000000f0000000)
  object space 524288K, 15% used [0x00000000d0000000,0x00000000d4de93c8,0x00000000f0000000)
 Metaspace       used 64754K, capacity 67304K, committed 67584K, reserved 1107968K
  class space    used 8272K, capacity 9178K, committed 9216K, reserved 1048576K
Event: 28,921 GC heap after
Heap after GC invocations=26 (full 3):
 PSYoungGen      total 234496K, used 17342K [0x00000000f0000000, 0x0000000100000000, 0x0000000100000000)
  eden space 217088K, 0% used [0x00000000f0000000,0x00000000f0000000,0x00000000fd400000)
  from space 17408K, 99% used [0x00000000fd400000,0x00000000fe4efb10,0x00000000fe500000)
  to   space 23552K, 0% used [0x00000000fe900000,0x00000000fe900000,0x0000000100000000)
 ParOldGen       total 524288K, used 79788K [0x00000000d0000000, 0x00000000f0000000, 0x00000000f0000000)
  object space 524288K, 15% used [0x00000000d0000000,0x00000000d4deb3c8,0x00000000f0000000)
 Metaspace       used 64754K, capacity 67304K, committed 67584K, reserved 1107968K
  class space    used 8272K, capacity 9178K, committed 9216K, reserved 1048576K
}
Event: 41,054 GC heap before
{Heap before GC invocations=27 (full 3):
 PSYoungGen      total 234496K, used 234430K [0x00000000f0000000, 0x0000000100000000, 0x0000000100000000)
  eden space 217088K, 100% used [0x00000000f0000000,0x00000000fd400000,0x00000000fd400000)
  from space 17408K, 99% used [0x00000000fd400000,0x00000000fe4efb10,0x00000000fe500000)
  to   space 23552K, 0% used [0x00000000fe900000,0x00000000fe900000,0x0000000100000000)
 ParOldGen       total 524288K, used 79788K [0x00000000d0000000, 0x00000000f0000000, 0x00000000f0000000)
  object space 524288K, 15% used [0x00000000d0000000,0x00000000d4deb3c8,0x00000000f0000000)
 Metaspace       used 65660K, capacity 68542K, committed 68608K, reserved 1107968K
  class space    used 8464K, capacity 9429K, committed 9472K, reserved 1048576K
Event: 41,064 GC heap after
Heap after GC invocations=27 (full 3):
 PSYoungGen      total 234496K, used 21301K [0x00000000f0000000, 0x0000000100000000, 0x0000000100000000)
  eden space 210944K, 0% used [0x00000000f0000000,0x00000000f0000000,0x00000000fce00000)
  from space 23552K, 90% used [0x00000000fe900000,0x00000000ffdcd4a8,0x0000000100000000)
  to   space 25600K, 0% used [0x00000000fce00000,0x00000000fce00000,0x00000000fe700000)
 ParOldGen       total 524288K, used 79796K [0x00000000d0000000, 0x00000000f0000000, 0x00000000f0000000)
  object space 524288K, 15% used [0x00000000d0000000,0x00000000d4ded3c8,0x00000000f0000000)
 Metaspace       used 65660K, capacity 68542K, committed 68608K, reserved 1107968K
  class space    used 8464K, capacity 9429K, committed 9472K, reserved 1048576K
}
Event: 71,835 GC heap before
{Heap before GC invocations=28 (full 3):
 PSYoungGen      total 234496K, used 225476K [0x00000000f0000000, 0x0000000100000000, 0x0000000100000000)
  eden space 210944K, 96% used [0x00000000f0000000,0x00000000fc763f38,0x00000000fce00000)
  from space 23552K, 90% used [0x00000000fe900000,0x00000000ffdcd4a8,0x0000000100000000)
  to   space 25600K, 0% used [0x00000000fce00000,0x00000000fce00000,0x00000000fe700000)
 ParOldGen       total 524288K, used 79796K [0x00000000d0000000, 0x00000000f0000000, 0x00000000f0000000)
  object space 524288K, 15% used [0x00000000d0000000,0x00000000d4ded3c8,0x00000000f0000000)
 Metaspace       used 66211K, capacity 69336K, committed 69632K, reserved 1110016K
  class space    used 8585K, capacity 9659K, committed 9728K, reserved 1048576K
Event: 71,860 GC heap after
Heap after GC invocations=28 (full 3):
 PSYoungGen      total 234496K, used 23173K [0x00000000f0000000, 0x0000000100000000, 0x0000000100000000)
  eden space 210944K, 0% used [0x00000000f0000000,0x00000000f0000000,0x00000000fce00000)
  from space 23552K, 98% used [0x00000000fce00000,0x00000000fe4a1498,0x00000000fe500000)
  to   space 27648K, 0% used [0x00000000fe500000,0x00000000fe500000,0x0000000100000000)
 ParOldGen       total 524288K, used 79804K [0x00000000d0000000, 0x00000000f0000000, 0x00000000f0000000)
  object space 524288K, 15% used [0x00000000d0000000,0x00000000d4def3c8,0x00000000f0000000)
 Metaspace       used 66211K, capacity 69336K, committed 69632K, reserved 1110016K
  class space    used 8585K, capacity 9659K, committed 9728K, reserved 1048576K
}

